{"meta": {"format": 3, "version": "7.14.1", "timestamp": "2026-06-12T01:16:20.234571", "branch_coverage": false, "show_contexts": false}, "files": {"app\\__init__.py": {"executed_lines": [], "summary": {"covered_lines": 0, "num_statements": 0, "percent_covered": 100.0, "percent_covered_display": "100", "missing_lines": 0, "excluded_lines": 0, "percent_statements_covered": 100.0, "percent_statements_covered_display": "100"}, "missing_lines": [], "excluded_lines": [], "functions": {"": {"executed_lines": [], "summary": {"covered_lines": 0, "num_statements": 0, "percent_covered": 100.0, "percent_covered_display": "100", "missing_lines": 0, "excluded_lines": 0, "percent_statements_covered": 100.0, "percent_statements_covered_display": "100"}, "missing_lines": [], "excluded_lines": [], "start_line": 1}}, "classes": {"": {"executed_lines": [], "summary": {"covered_lines": 0, "num_statements": 0, "percent_covered": 100.0, "percent_covered_display": "100", "missing_lines": 0, "excluded_lines": 0, "percent_statements_covered": 100.0, "percent_statements_covered_display": "100"}, "missing_lines": [], "excluded_lines": [], "start_line": 1}}}, "app\\api\\__init__.py": {"executed_lines": [], "summary": {"covered_lines": 0, "num_statements": 0, "percent_covered": 100.0, "percent_covered_display": "100", "missing_lines": 0, "excluded_lines": 0, "percent_statements_covered": 100.0, "percent_statements_covered_display": "100"}, "missing_lines": [], "excluded_lines": [], "functions": {"": {"executed_lines": [], "summary": {"covered_lines": 0, "num_statements": 0, "percent_covered": 100.0, "percent_covered_display": "100", "missing_lines": 0, "excluded_lines": 0, "percent_statements_covered": 100.0, "percent_statements_covered_display": "100"}, "missing_lines": [], "excluded_lines": [], "start_line": 1}}, "classes": {"": {"executed_lines": [], "summary": {"covered_lines": 0, "num_statements": 0, "percent_covered": 100.0, "percent_covered_display": "100", "missing_lines": 0, "excluded_lines": 0, "percent_statements_covered": 100.0, "percent_statements_covered_display": "100"}, "missing_lines": [], "excluded_lines": [], "start_line": 1}}}, "app\\api\\dependencies.py": {"executed_lines": [3, 5, 7, 8, 9, 11, 12, 13, 15, 18, 23, 24, 25, 26, 27, 28, 29, 31, 32, 33, 34], "summary": {"covered_lines": 21, "num_statements": 22, "percent_covered": 95.45454545454545, "percent_covered_display": "95", "missing_lines": 1, "excluded_lines": 0, "percent_statements_covered": 95.45454545454545, "percent_statements_covered_display": "95"}, "missing_lines": [30], "excluded_lines": [], "functions": {"get_current_user": {"executed_lines": [23, 24, 25, 26, 27, 28, 29, 31, 32, 33, 34], "summary": {"covered_lines": 11, "num_statements": 12, "percent_covered": 91.66666666666667, "percent_covered_display": "92", "missing_lines": 1, "excluded_lines": 0, "percent_statements_covered": 91.66666666666667, "percent_statements_covered_display": "92"}, "missing_lines": [30], "excluded_lines": [], "start_line": 18}, "": {"executed_lines": [3, 5, 7, 8, 9, 11, 12, 13, 15, 18], "summary": {"covered_lines": 10, "num_statements": 10, "percent_covered": 100.0, "percent_covered_display": "100", "missing_lines": 0, "excluded_lines": 0, "percent_statements_covered": 100.0, "percent_statements_covered_display": "100"}, "missing_lines": [], "excluded_lines": [], "start_line": 1}}, "classes": {"": {"executed_lines": [3, 5, 7, 8, 9, 11, 12, 13, 15, 18, 23, 24, 25, 26, 27, 28, 29, 31, 32, 33, 34], "summary": {"covered_lines": 21, "num_statements": 22, "percent_covered": 95.45454545454545, "percent_covered_display": "95", "missing_lines": 1, "excluded_lines": 0, "percent_statements_covered": 95.45454545454545, "percent_statements_covered_display": "95"}, "missing_lines": [30], "excluded_lines": [], "start_line": 1}}}, "app\\api\\routes\\__init__.py": {"executed_lines": [], "summary": {"covered_lines": 0, "num_statements": 0, "percent_covered": 100.0, "percent_covered_display": "100", "missing_lines": 0, "excluded_lines": 0, "percent_statements_covered": 100.0, "percent_statements_covered_display": "100"}, "missing_lines": [], "excluded_lines": [], "functions": {"": {"executed_lines": [], "summary": {"covered_lines": 0, "num_statements": 0, "percent_covered": 100.0, "percent_covered_display": "100", "missing_lines": 0, "excluded_lines": 0, "percent_statements_covered": 100.0, "percent_statements_covered_display": "100"}, "missing_lines": [], "excluded_lines": [], "start_line": 1}}, "classes": {"": {"executed_lines": [], "summary": {"covered_lines": 0, "num_statements": 0, "percent_covered": 100.0, "percent_covered_display": "100", "missing_lines": 0, "excluded_lines": 0, "percent_statements_covered": 100.0, "percent_statements_covered_display": "100"}, "missing_lines": [], "excluded_lines": [], "start_line": 1}}}, "app\\api\\routes\\auth.py": {"executed_lines": [3, 4, 5, 7, 8, 9, 11, 14, 15, 16, 17, 20, 21, 25, 26, 27, 28], "summary": {"covered_lines": 17, "num_statements": 17, "percent_covered": 100.0, "percent_covered_display": "100", "missing_lines": 0, "excluded_lines": 0, "percent_statements_covered": 100.0, "percent_statements_covered_display": "100"}, "missing_lines": [], "excluded_lines": [], "functions": {"register": {"executed_lines": [16, 17], "summary": {"covered_lines": 2, "num_statements": 2, "percent_covered": 100.0, "percent_covered_display": "100", "missing_lines": 0, "excluded_lines": 0, "percent_statements_covered": 100.0, "percent_statements_covered_display": "100"}, "missing_lines": [], "excluded_lines": [], "start_line": 15}, "login": {"executed_lines": [25, 26, 27, 28], "summary": {"covered_lines": 4, "num_statements": 4, "percent_covered": 100.0, "percent_covered_display": "100", "missing_lines": 0, "excluded_lines": 0, "percent_statements_covered": 100.0, "percent_statements_covered_display": "100"}, "missing_lines": [], "excluded_lines": [], "start_line": 21}, "": {"executed_lines": [3, 4, 5, 7, 8, 9, 11, 14, 15, 20, 21], "summary": {"covered_lines": 11, "num_statements": 11, "percent_covered": 100.0, "percent_covered_display": "100", "missing_lines": 0, "excluded_lines": 0, "percent_statements_covered": 100.0, "percent_statements_covered_display": "100"}, "missing_lines": [], "excluded_lines": [], "start_line": 1}}, "classes": {"": {"executed_lines": [3, 4, 5, 7, 8, 9, 11, 14, 15, 16, 17, 20, 21, 25, 26, 27, 28], "summary": {"covered_lines": 17, "num_statements": 17, "percent_covered": 100.0, "percent_covered_display": "100", "missing_lines": 0, "excluded_lines": 0, "percent_statements_covered": 100.0, "percent_statements_covered_display": "100"}, "missing_lines": [], "excluded_lines": [], "start_line": 1}}}, "app\\api\\routes\\favorites.py": {"executed_lines": [3, 5, 7, 8, 10, 11, 12, 13, 14, 15, 17, 20, 21, 26, 27, 28, 31, 32, 37, 38, 39, 44, 45, 51, 52, 53], "summary": {"covered_lines": 26, "num_statements": 27, "percent_covered": 96.29629629629629, "percent_covered_display": "96", "missing_lines": 1, "excluded_lines": 0, "percent_statements_covered": 96.29629629629629, "percent_statements_covered_display": "96"}, "missing_lines": [40], "excluded_lines": [], "functions": {"add_favorite": {"executed_lines": [26, 27, 28], "summary": {"covered_lines": 3, "num_statements": 3, "percent_covered": 100.0, "percent_covered_display": "100", "missing_lines": 0, "excluded_lines": 0, "percent_statements_covered": 100.0, "percent_statements_covered_display": "100"}, "missing_lines": [], "excluded_lines": [], "start_line": 21}, "remove_favorite": {"executed_lines": [37, 38, 39], "summary": {"covered_lines": 3, "num_statements": 4, "percent_covered": 75.0, "percent_covered_display": "75", "missing_lines": 1, "excluded_lines": 0, "percent_statements_covered": 75.0, "percent_statements_covered_display": "75"}, "missing_lines": [40], "excluded_lines": [], "start_line": 32}, "list_favorites": {"executed_lines": [51, 52, 53], "summary": {"covered_lines": 3, "num_statements": 3, "percent_covered": 100.0, "percent_covered_display": "100", "missing_lines": 0, "excluded_lines": 0, "percent_statements_covered": 100.0, "percent_statements_covered_display": "100"}, "missing_lines": [], "excluded_lines": [], "start_line": 45}, "": {"executed_lines": [3, 5, 7, 8, 10, 11, 12, 13, 14, 15, 17, 20, 21, 31, 32, 44, 45], "summary": {"covered_lines": 17, "num_statements": 17, "percent_covered": 100.0, "percent_covered_display": "100", "missing_lines": 0, "excluded_lines": 0, "percent_statements_covered": 100.0, "percent_statements_covered_display": "100"}, "missing_lines": [], "excluded_lines": [], "start_line": 1}}, "classes": {"": {"executed_lines": [3, 5, 7, 8, 10, 11, 12, 13, 14, 15, 17, 20, 21, 26, 27, 28, 31, 32, 37, 38, 39, 44, 45, 51, 52, 53], "summary": {"covered_lines": 26, "num_statements": 27, "percent_covered": 96.29629629629629, "percent_covered_display": "96", "missing_lines": 1, "excluded_lines": 0, "percent_statements_covered": 96.29629629629629, "percent_statements_covered_display": "96"}, "missing_lines": [40], "excluded_lines": [], "start_line": 1}}}, "app\\api\\routes\\places.py": {"executed_lines": [3, 5, 7, 8, 10, 11, 12, 14, 17, 18, 23, 24, 25, 33, 34, 44, 45, 49, 57, 58, 65, 66, 67, 84, 85, 86, 87, 88, 89, 90], "summary": {"covered_lines": 30, "num_statements": 30, "percent_covered": 100.0, "percent_covered_display": "100", "missing_lines": 0, "excluded_lines": 0, "percent_statements_covered": 100.0, "percent_statements_covered_display": "100"}, "missing_lines": [], "excluded_lines": [], "functions": {"list_places": {"executed_lines": [23, 24, 25], "summary": {"covered_lines": 3, "num_statements": 3, "percent_covered": 100.0, "percent_covered_display": "100", "missing_lines": 0, "excluded_lines": 0, "percent_statements_covered": 100.0, "percent_statements_covered_display": "100"}, "missing_lines": [], "excluded_lines": [], "start_line": 18}, "search_places": {"executed_lines": [44, 45, 49], "summary": {"covered_lines": 3, "num_statements": 3, "percent_covered": 100.0, "percent_covered_display": "100", "missing_lines": 0, "excluded_lines": 0, "percent_statements_covered": 100.0, "percent_statements_covered_display": "100"}, "missing_lines": [], "excluded_lines": [], "start_line": 34}, "nearby_places": {"executed_lines": [65, 66, 67], "summary": {"covered_lines": 3, "num_statements": 3, "percent_covered": 100.0, "percent_covered_display": "100", "missing_lines": 0, "excluded_lines": 0, "percent_statements_covered": 100.0, "percent_statements_covered_display": "100"}, "missing_lines": [], "excluded_lines": [], "start_line": 58}, "get_place": {"executed_lines": [86, 87, 88, 89, 90], "summary": {"covered_lines": 5, "num_statements": 5, "percent_covered": 100.0, "percent_covered_display": "100", "missing_lines": 0, "excluded_lines": 0, "percent_statements_covered": 100.0, "percent_statements_covered_display": "100"}, "missing_lines": [], "excluded_lines": [], "start_line": 85}, "": {"executed_lines": [3, 5, 7, 8, 10, 11, 12, 14, 17, 18, 33, 34, 57, 58, 84, 85], "summary": {"covered_lines": 16, "num_statements": 16, "percent_covered": 100.0, "percent_covered_display": "100", "missing_lines": 0, "excluded_lines": 0, "percent_statements_covered": 100.0, "percent_statements_covered_display": "100"}, "missing_lines": [], "excluded_lines": [], "start_line": 1}}, "classes": {"": {"executed_lines": [3, 5, 7, 8, 10, 11, 12, 14, 17, 18, 23, 24, 25, 33, 34, 44, 45, 49, 57, 58, 65, 66, 67, 84, 85, 86, 87, 88, 89, 90], "summary": {"covered_lines": 30, "num_statements": 30, "percent_covered": 100.0, "percent_covered_display": "100", "missing_lines": 0, "excluded_lines": 0, "percent_statements_covered": 100.0, "percent_statements_covered_display": "100"}, "missing_lines": [], "excluded_lines": [], "start_line": 1}}}, "app\\api\\routes\\recommendations.py": {"executed_lines": [3, 5, 6, 8, 9, 10, 12, 15, 16, 25, 26, 34], "summary": {"covered_lines": 12, "num_statements": 12, "percent_covered": 100.0, "percent_covered_display": "100", "missing_lines": 0, "excluded_lines": 0, "percent_statements_covered": 100.0, "percent_statements_covered_display": "100"}, "missing_lines": [], "excluded_lines": [], "functions": {"get_recommendations": {"executed_lines": [25, 26, 34], "summary": {"covered_lines": 3, "num_statements": 3, "percent_covered": 100.0, "percent_covered_display": "100", "missing_lines": 0, "excluded_lines": 0, "percent_statements_covered": 100.0, "percent_statements_covered_display": "100"}, "missing_lines": [], "excluded_lines": [], "start_line": 16}, "": {"executed_lines": [3, 5, 6, 8, 9, 10, 12, 15, 16], "summary": {"covered_lines": 9, "num_statements": 9, "percent_covered": 100.0, "percent_covered_display": "100", "missing_lines": 0, "excluded_lines": 0, "percent_statements_covered": 100.0, "percent_statements_covered_display": "100"}, "missing_lines": [], "excluded_lines": [], "start_line": 1}}, "classes": {"": {"executed_lines": [3, 5, 6, 8, 9, 10, 12, 15, 16, 25, 26, 34], "summary": {"covered_lines": 12, "num_statements": 12, "percent_covered": 100.0, "percent_covered_display": "100", "missing_lines": 0, "excluded_lines": 0, "percent_statements_covered": 100.0, "percent_statements_covered_display": "100"}, "missing_lines": [], "excluded_lines": [], "start_line": 1}}}, "app\\core\\__init__.py": {"executed_lines": [], "summary": {"covered_lines": 0, "num_statements": 0, "percent_covered": 100.0, "percent_covered_display": "100", "missing_lines": 0, "excluded_lines": 0, "percent_statements_covered": 100.0, "percent_statements_covered_display": "100"}, "missing_lines": [], "excluded_lines": [], "functions": {"": {"executed_lines": [], "summary": {"covered_lines": 0, "num_statements": 0, "percent_covered": 100.0, "percent_covered_display": "100", "missing_lines": 0, "excluded_lines": 0, "percent_statements_covered": 100.0, "percent_statements_covered_display": "100"}, "missing_lines": [], "excluded_lines": [], "start_line": 1}}, "classes": {"": {"executed_lines": [], "summary": {"covered_lines": 0, "num_statements": 0, "percent_covered": 100.0, "percent_covered_display": "100", "missing_lines": 0, "excluded_lines": 0, "percent_statements_covered": 100.0, "percent_statements_covered_display": "100"}, "missing_lines": [], "excluded_lines": [], "start_line": 1}}}, "app\\core\\config.py": {"executed_lines": [1, 2, 5, 8, 15, 16, 19, 20, 21, 22, 23, 25, 26, 27, 28, 30, 31, 33, 38, 39, 47, 48, 49, 52], "summary": {"covered_lines": 24, "num_statements": 25, "percent_covered": 96.0, "percent_covered_display": "96", "missing_lines": 1, "excluded_lines": 0, "percent_statements_covered": 96.0, "percent_statements_covered_display": "96"}, "missing_lines": [41], "excluded_lines": [], "functions": {"Settings._default_host": {"executed_lines": [28], "summary": {"covered_lines": 1, "num_statements": 1, "percent_covered": 100.0, "percent_covered_display": "100", "missing_lines": 0, "excluded_lines": 0, "percent_statements_covered": 100.0, "percent_statements_covered_display": "100"}, "missing_lines": [], "excluded_lines": [], "start_line": 27}, "Settings.DATABASE_URL": {"executed_lines": [33], "summary": {"covered_lines": 1, "num_statements": 1, "percent_covered": 100.0, "percent_covered_display": "100", "missing_lines": 0, "excluded_lines": 0, "percent_statements_covered": 100.0, "percent_statements_covered_display": "100"}, "missing_lines": [], "excluded_lines": [], "start_line": 31}, "Settings.SYNC_DATABASE_URL": {"executed_lines": [], "summary": {"covered_lines": 0, "num_statements": 1, "percent_covered": 0.0, "percent_covered_display": "0", "missing_lines": 1, "excluded_lines": 0, "percent_statements_covered": 0.0, "percent_statements_covered_display": "0"}, "missing_lines": [41], "excluded_lines": [], "start_line": 39}, "": {"executed_lines": [1, 2, 5, 8, 15, 16, 19, 20, 21, 22, 23, 25, 26, 27, 30, 31, 38, 39, 47, 48, 49, 52], "summary": {"covered_lines": 22, "num_statements": 22, "percent_covered": 100.0, "percent_covered_display": "100", "missing_lines": 0, "excluded_lines": 0, "percent_statements_covered": 100.0, "percent_statements_covered_display": "100"}, "missing_lines": [], "excluded_lines": [], "start_line": 1}}, "classes": {"Settings": {"executed_lines": [28, 33], "summary": {"covered_lines": 2, "num_statements": 3, "percent_covered": 66.66666666666667, "percent_covered_display": "67", "missing_lines": 1, "excluded_lines": 0, "percent_statements_covered": 66.66666666666667, "percent_statements_covered_display": "67"}, "missing_lines": [41], "excluded_lines": [], "start_line": 5}, "": {"executed_lines": [1, 2, 5, 8, 15, 16, 19, 20, 21, 22, 23, 25, 26, 27, 30, 31, 38, 39, 47, 48, 49, 52], "summary": {"covered_lines": 22, "num_statements": 22, "percent_covered": 100.0, "percent_covered_display": "100", "missing_lines": 0, "excluded_lines": 0, "percent_statements_covered": 100.0, "percent_statements_covered_display": "100"}, "missing_lines": [], "excluded_lines": [], "start_line": 1}}}, "app\\core\\logger.py": {"executed_lines": [3, 4, 5, 6, 9, 10, 11, 14, 15, 18, 19, 22, 23, 24, 25, 28, 34, 35, 36, 39, 40, 43, 45], "summary": {"covered_lines": 23, "num_statements": 23, "percent_covered": 100.0, "percent_covered_display": "100", "missing_lines": 0, "excluded_lines": 0, "percent_statements_covered": 100.0, "percent_statements_covered_display": "100"}, "missing_lines": [], "excluded_lines": [], "functions": {"get_logger": {"executed_lines": [45], "summary": {"covered_lines": 1, "num_statements": 1, "percent_covered": 100.0, "percent_covered_display": "100", "missing_lines": 0, "excluded_lines": 0, "percent_statements_covered": 100.0, "percent_statements_covered_display": "100"}, "missing_lines": [], "excluded_lines": [], "start_line": 43}, "": {"executed_lines": [3, 4, 5, 6, 9, 10, 11, 14, 15, 18, 19, 22, 23, 24, 25, 28, 34, 35, 36, 39, 40, 43], "summary": {"covered_lines": 22, "num_statements": 22, "percent_covered": 100.0, "percent_covered_display": "100", "missing_lines": 0, "excluded_lines": 0, "percent_statements_covered": 100.0, "percent_statements_covered_display": "100"}, "missing_lines": [], "excluded_lines": [], "start_line": 1}}, "classes": {"": {"executed_lines": [3, 4, 5, 6, 9, 10, 11, 14, 15, 18, 19, 22, 23, 24, 25, 28, 34, 35, 36, 39, 40, 43, 45], "summary": {"covered_lines": 23, "num_statements": 23, "percent_covered": 100.0, "percent_covered_display": "100", "missing_lines": 0, "excluded_lines": 0, "percent_statements_covered": 100.0, "percent_statements_covered_display": "100"}, "missing_lines": [], "excluded_lines": [], "start_line": 1}}}, "app\\core\\rate_limiter.py": {"executed_lines": [3, 4, 5, 8, 11, 12, 13, 14, 16, 17, 18, 19], "summary": {"covered_lines": 12, "num_statements": 23, "percent_covered": 52.17391304347826, "percent_covered_display": "52", "missing_lines": 11, "excluded_lines": 0, "percent_statements_covered": 52.17391304347826, "percent_statements_covered_display": "52"}, "missing_lines": [22, 24, 25, 27, 28, 29, 32, 33, 38, 39, 44], "excluded_lines": [], "functions": {"RateLimiter.__init__": {"executed_lines": [12, 13, 14], "summary": {"covered_lines": 3, "num_statements": 3, "percent_covered": 100.0, "percent_covered_display": "100", "missing_lines": 0, "excluded_lines": 0, "percent_statements_covered": 100.0, "percent_statements_covered_display": "100"}, "missing_lines": [], "excluded_lines": [], "start_line": 11}, "RateLimiter.__call__": {"executed_lines": [17, 18, 19], "summary": {"covered_lines": 3, "num_statements": 14, "percent_covered": 21.428571428571427, "percent_covered_display": "21", "missing_lines": 11, "excluded_lines": 0, "percent_statements_covered": 21.428571428571427, "percent_statements_covered_display": "21"}, "missing_lines": [22, 24, 25, 27, 28, 29, 32, 33, 38, 39, 44], "excluded_lines": [], "start_line": 16}, "": {"executed_lines": [3, 4, 5, 8, 11, 16], "summary": {"covered_lines": 6, "num_statements": 6, "percent_covered": 100.0, "percent_covered_display": "100", "missing_lines": 0, "excluded_lines": 0, "percent_statements_covered": 100.0, "percent_statements_covered_display": "100"}, "missing_lines": [], "excluded_lines": [], "start_line": 1}}, "classes": {"RateLimiter": {"executed_lines": [12, 13, 14, 17, 18, 19], "summary": {"covered_lines": 6, "num_statements": 17, "percent_covered": 35.294117647058826, "percent_covered_display": "35", "missing_lines": 11, "excluded_lines": 0, "percent_statements_covered": 35.294117647058826, "percent_statements_covered_display": "35"}, "missing_lines": [22, 24, 25, 27, 28, 29, 32, 33, 38, 39, 44], "excluded_lines": [], "start_line": 8}, "": {"executed_lines": [3, 4, 5, 8, 11, 16], "summary": {"covered_lines": 6, "num_statements": 6, "percent_covered": 100.0, "percent_covered_display": "100", "missing_lines": 0, "excluded_lines": 0, "percent_statements_covered": 100.0, "percent_statements_covered_display": "100"}, "missing_lines": [], "excluded_lines": [], "start_line": 1}}}, "app\\core\\security.py": {"executed_lines": [3, 4, 6, 7, 9, 14, 15, 18, 19, 24, 25, 26, 29, 30, 33, 35, 36, 37, 38], "summary": {"covered_lines": 19, "num_statements": 19, "percent_covered": 100.0, "percent_covered_display": "100", "missing_lines": 0, "excluded_lines": 0, "percent_statements_covered": 100.0, "percent_statements_covered_display": "100"}, "missing_lines": [], "excluded_lines": [], "functions": {"hash_password": {"executed_lines": [15], "summary": {"covered_lines": 1, "num_statements": 1, "percent_covered": 100.0, "percent_covered_display": "100", "missing_lines": 0, "excluded_lines": 0, "percent_statements_covered": 100.0, "percent_statements_covered_display": "100"}, "missing_lines": [], "excluded_lines": [], "start_line": 14}, "verify_password": {"executed_lines": [19], "summary": {"covered_lines": 1, "num_statements": 1, "percent_covered": 100.0, "percent_covered_display": "100", "missing_lines": 0, "excluded_lines": 0, "percent_statements_covered": 100.0, "percent_statements_covered_display": "100"}, "missing_lines": [], "excluded_lines": [], "start_line": 18}, "create_access_token": {"executed_lines": [25, 26, 29, 30], "summary": {"covered_lines": 4, "num_statements": 4, "percent_covered": 100.0, "percent_covered_display": "100", "missing_lines": 0, "excluded_lines": 0, "percent_statements_covered": 100.0, "percent_statements_covered_display": "100"}, "missing_lines": [], "excluded_lines": [], "start_line": 24}, "decode_access_token": {"executed_lines": [35, 36, 37, 38], "summary": {"covered_lines": 4, "num_statements": 4, "percent_covered": 100.0, "percent_covered_display": "100", "missing_lines": 0, "excluded_lines": 0, "percent_statements_covered": 100.0, "percent_statements_covered_display": "100"}, "missing_lines": [], "excluded_lines": [], "start_line": 33}, "": {"executed_lines": [3, 4, 6, 7, 9, 14, 18, 24, 33], "summary": {"covered_lines": 9, "num_statements": 9, "percent_covered": 100.0, "percent_covered_display": "100", "missing_lines": 0, "excluded_lines": 0, "percent_statements_covered": 100.0, "percent_statements_covered_display": "100"}, "missing_lines": [], "excluded_lines": [], "start_line": 1}}, "classes": {"": {"executed_lines": [3, 4, 6, 7, 9, 14, 15, 18, 19, 24, 25, 26, 29, 30, 33, 35, 36, 37, 38], "summary": {"covered_lines": 19, "num_statements": 19, "percent_covered": 100.0, "percent_covered_display": "100", "missing_lines": 0, "excluded_lines": 0, "percent_statements_covered": 100.0, "percent_statements_covered_display": "100"}, "missing_lines": [], "excluded_lines": [], "start_line": 1}}}, "app\\db\\__init__.py": {"executed_lines": [], "summary": {"covered_lines": 0, "num_statements": 0, "percent_covered": 100.0, "percent_covered_display": "100", "missing_lines": 0, "excluded_lines": 0, "percent_statements_covered": 100.0, "percent_statements_covered_display": "100"}, "missing_lines": [], "excluded_lines": [], "functions": {"": {"executed_lines": [], "summary": {"covered_lines": 0, "num_statements": 0, "percent_covered": 100.0, "percent_covered_display": "100", "missing_lines": 0, "excluded_lines": 0, "percent_statements_covered": 100.0, "percent_statements_covered_display": "100"}, "missing_lines": [], "excluded_lines": [], "start_line": 1}}, "classes": {"": {"executed_lines": [], "summary": {"covered_lines": 0, "num_statements": 0, "percent_covered": 100.0, "percent_covered_display": "100", "missing_lines": 0, "excluded_lines": 0, "percent_statements_covered": 100.0, "percent_statements_covered_display": "100"}, "missing_lines": [], "excluded_lines": [], "start_line": 1}}}, "app\\db\\base.py": {"executed_lines": [3, 6, 12], "summary": {"covered_lines": 3, "num_statements": 3, "percent_covered": 100.0, "percent_covered_display": "100", "missing_lines": 0, "excluded_lines": 0, "percent_statements_covered": 100.0, "percent_statements_covered_display": "100"}, "missing_lines": [], "excluded_lines": [], "functions": {"": {"executed_lines": [3, 6, 12], "summary": {"covered_lines": 3, "num_statements": 3, "percent_covered": 100.0, "percent_covered_display": "100", "missing_lines": 0, "excluded_lines": 0, "percent_statements_covered": 100.0, "percent_statements_covered_display": "100"}, "missing_lines": [], "excluded_lines": [], "start_line": 1}}, "classes": {"Base": {"executed_lines": [], "summary": {"covered_lines": 0, "num_statements": 0, "percent_covered": 100.0, "percent_covered_display": "100", "missing_lines": 0, "excluded_lines": 0, "percent_statements_covered": 100.0, "percent_statements_covered_display": "100"}, "missing_lines": [], "excluded_lines": [], "start_line": 6}, "": {"executed_lines": [3, 6, 12], "summary": {"covered_lines": 3, "num_statements": 3, "percent_covered": 100.0, "percent_covered_display": "100", "missing_lines": 0, "excluded_lines": 0, "percent_statements_covered": 100.0, "percent_statements_covered_display": "100"}, "missing_lines": [], "excluded_lines": [], "start_line": 1}}}, "app\\db\\session.py": {"executed_lines": [3, 4, 6, 14, 21], "summary": {"covered_lines": 5, "num_statements": 13, "percent_covered": 38.46153846153846, "percent_covered_display": "38", "missing_lines": 8, "excluded_lines": 0, "percent_statements_covered": 38.46153846153846, "percent_statements_covered_display": "38"}, "missing_lines": [23, 24, 25, 26, 27, 28, 29, 31], "excluded_lines": [], "functions": {"get_db": {"executed_lines": [], "summary": {"covered_lines": 0, "num_statements": 8, "percent_covered": 0.0, "percent_covered_display": "0", "missing_lines": 8, "excluded_lines": 0, "percent_statements_covered": 0.0, "percent_statements_covered_display": "0"}, "missing_lines": [23, 24, 25, 26, 27, 28, 29, 31], "excluded_lines": [], "start_line": 21}, "": {"executed_lines": [3, 4, 6, 14, 21], "summary": {"covered_lines": 5, "num_statements": 5, "percent_covered": 100.0, "percent_covered_display": "100", "missing_lines": 0, "excluded_lines": 0, "percent_statements_covered": 100.0, "percent_statements_covered_display": "100"}, "missing_lines": [], "excluded_lines": [], "start_line": 1}}, "classes": {"": {"executed_lines": [3, 4, 6, 14, 21], "summary": {"covered_lines": 5, "num_statements": 13, "percent_covered": 38.46153846153846, "percent_covered_display": "38", "missing_lines": 8, "excluded_lines": 0, "percent_statements_covered": 38.46153846153846, "percent_statements_covered_display": "38"}, "missing_lines": [23, 24, 25, 26, 27, 28, 29, 31], "excluded_lines": [], "start_line": 1}}}, "app\\main.py": {"executed_lines": [1, 2, 3, 4, 5, 6, 8, 9, 10, 11, 13, 16, 19, 20, 22, 23, 25, 28, 38, 48, 49, 50, 51, 54, 55, 64, 65, 69, 73, 74, 89, 90, 91, 92, 97, 98, 99, 102], "summary": {"covered_lines": 38, "num_statements": 46, "percent_covered": 82.6086956521739, "percent_covered_display": "83", "missing_lines": 8, "excluded_lines": 0, "percent_statements_covered": 82.6086956521739, "percent_statements_covered_display": "83"}, "missing_lines": [56, 57, 58, 62, 75, 76, 80, 103], "excluded_lines": [], "functions": {"lifespan": {"executed_lines": [22, 23, 25], "summary": {"covered_lines": 3, "num_statements": 3, "percent_covered": 100.0, "percent_covered_display": "100", "missing_lines": 0, "excluded_lines": 0, "percent_statements_covered": 100.0, "percent_statements_covered_display": "100"}, "missing_lines": [], "excluded_lines": [], "start_line": 20}, "log_requests": {"executed_lines": [50, 51, 54, 55, 64, 65, 69], "summary": {"covered_lines": 7, "num_statements": 11, "percent_covered": 63.63636363636363, "percent_covered_display": "64", "missing_lines": 4, "excluded_lines": 0, "percent_statements_covered": 63.63636363636363, "percent_statements_covered_display": "64"}, "missing_lines": [56, 57, 58, 62], "excluded_lines": [], "start_line": 49}, "global_exception_handler": {"executed_lines": [], "summary": {"covered_lines": 0, "num_statements": 3, "percent_covered": 0.0, "percent_covered_display": "0", "missing_lines": 3, "excluded_lines": 0, "percent_statements_covered": 0.0, "percent_statements_covered_display": "0"}, "missing_lines": [75, 76, 80], "excluded_lines": [], "start_line": 74}, "health_check": {"executed_lines": [99], "summary": {"covered_lines": 1, "num_statements": 1, "percent_covered": 100.0, "percent_covered_display": "100", "missing_lines": 0, "excluded_lines": 0, "percent_statements_covered": 100.0, "percent_statements_covered_display": "100"}, "missing_lines": [], "excluded_lines": [], "start_line": 98}, "": {"executed_lines": [1, 2, 3, 4, 5, 6, 8, 9, 10, 11, 13, 16, 19, 20, 28, 38, 48, 49, 73, 74, 89, 90, 91, 92, 97, 98, 102], "summary": {"covered_lines": 27, "num_statements": 28, "percent_covered": 96.42857142857143, "percent_covered_display": "96", "missing_lines": 1, "excluded_lines": 0, "percent_statements_covered": 96.42857142857143, "percent_statements_covered_display": "96"}, "missing_lines": [103], "excluded_lines": [], "start_line": 1}}, "classes": {"": {"executed_lines": [1, 2, 3, 4, 5, 6, 8, 9, 10, 11, 13, 16, 19, 20, 22, 23, 25, 28, 38, 48, 49, 50, 51, 54, 55, 64, 65, 69, 73, 74, 89, 90, 91, 92, 97, 98, 99, 102], "summary": {"covered_lines": 38, "num_statements": 46, "percent_covered": 82.6086956521739, "percent_covered_display": "83", "missing_lines": 8, "excluded_lines": 0, "percent_statements_covered": 82.6086956521739, "percent_statements_covered_display": "83"}, "missing_lines": [56, 57, 58, 62, 75, 76, 80, 103], "excluded_lines": [], "start_line": 1}}}, "app\\models\\__init__.py": {"executed_lines": [2, 3, 4, 6], "summary": {"covered_lines": 4, "num_statements": 4, "percent_covered": 100.0, "percent_covered_display": "100", "missing_lines": 0, "excluded_lines": 0, "percent_statements_covered": 100.0, "percent_statements_covered_display": "100"}, "missing_lines": [], "excluded_lines": [], "functions": {"": {"executed_lines": [2, 3, 4, 6], "summary": {"covered_lines": 4, "num_statements": 4, "percent_covered": 100.0, "percent_covered_display": "100", "missing_lines": 0, "excluded_lines": 0, "percent_statements_covered": 100.0, "percent_statements_covered_display": "100"}, "missing_lines": [], "excluded_lines": [], "start_line": 1}}, "classes": {"": {"executed_lines": [2, 3, 4, 6], "summary": {"covered_lines": 4, "num_statements": 4, "percent_covered": 100.0, "percent_covered_display": "100", "missing_lines": 0, "excluded_lines": 0, "percent_statements_covered": 100.0, "percent_statements_covered_display": "100"}, "missing_lines": [], "excluded_lines": [], "start_line": 1}}}, "app\\models\\favorite.py": {"executed_lines": [3, 4, 6, 7, 8, 10, 13, 14, 16, 19, 22, 25, 28, 36, 37, 39], "summary": {"covered_lines": 16, "num_statements": 16, "percent_covered": 100.0, "percent_covered_display": "100", "missing_lines": 0, "excluded_lines": 0, "percent_statements_covered": 100.0, "percent_statements_covered_display": "100"}, "missing_lines": [], "excluded_lines": [], "functions": {"": {"executed_lines": [3, 4, 6, 7, 8, 10, 13, 14, 16, 19, 22, 25, 28, 36, 37, 39], "summary": {"covered_lines": 16, "num_statements": 16, "percent_covered": 100.0, "percent_covered_display": "100", "missing_lines": 0, "excluded_lines": 0, "percent_statements_covered": 100.0, "percent_statements_covered_display": "100"}, "missing_lines": [], "excluded_lines": [], "start_line": 1}}, "classes": {"Favorite": {"executed_lines": [], "summary": {"covered_lines": 0, "num_statements": 0, "percent_covered": 100.0, "percent_covered_display": "100", "missing_lines": 0, "excluded_lines": 0, "percent_statements_covered": 100.0, "percent_statements_covered_display": "100"}, "missing_lines": [], "excluded_lines": [], "start_line": 13}, "": {"executed_lines": [3, 4, 6, 7, 8, 10, 13, 14, 16, 19, 22, 25, 28, 36, 37, 39], "summary": {"covered_lines": 16, "num_statements": 16, "percent_covered": 100.0, "percent_covered_display": "100", "missing_lines": 0, "excluded_lines": 0, "percent_statements_covered": 100.0, "percent_statements_covered_display": "100"}, "missing_lines": [], "excluded_lines": [], "start_line": 1}}}, "app\\models\\place.py": {"executed_lines": [3, 4, 6, 7, 10, 11, 13, 16, 17, 19, 24, 25, 26, 28, 29, 30, 34, 35, 36, 41, 42, 43, 46, 47, 48, 49, 50, 51, 52, 55, 56, 57, 60, 61, 62, 65, 66, 69, 70, 71, 74, 75, 76, 79, 82, 90, 93], "summary": {"covered_lines": 47, "num_statements": 47, "percent_covered": 100.0, "percent_covered_display": "100", "missing_lines": 0, "excluded_lines": 0, "percent_statements_covered": 100.0, "percent_statements_covered_display": "100"}, "missing_lines": [], "excluded_lines": [], "functions": {"": {"executed_lines": [3, 4, 6, 7, 10, 11, 13, 16, 17, 19, 24, 25, 26, 28, 29, 30, 34, 35, 36, 41, 42, 43, 46, 47, 48, 49, 50, 51, 52, 55, 56, 57, 60, 61, 62, 65, 66, 69, 70, 71, 74, 75, 76, 79, 82, 90, 93], "summary": {"covered_lines": 47, "num_statements": 47, "percent_covered": 100.0, "percent_covered_display": "100", "missing_lines": 0, "excluded_lines": 0, "percent_statements_covered": 100.0, "percent_statements_covered_display": "100"}, "missing_lines": [], "excluded_lines": [], "start_line": 1}}, "classes": {"Place": {"executed_lines": [], "summary": {"covered_lines": 0, "num_statements": 0, "percent_covered": 100.0, "percent_covered_display": "100", "missing_lines": 0, "excluded_lines": 0, "percent_statements_covered": 100.0, "percent_statements_covered_display": "100"}, "missing_lines": [], "excluded_lines": [], "start_line": 16}, "": {"executed_lines": [3, 4, 6, 7, 10, 11, 13, 16, 17, 19, 24, 25, 26, 28, 29, 30, 34, 35, 36, 41, 42, 43, 46, 47, 48, 49, 50, 51, 52, 55, 56, 57, 60, 61, 62, 65, 66, 69, 70, 71, 74, 75, 76, 79, 82, 90, 93], "summary": {"covered_lines": 47, "num_statements": 47, "percent_covered": 100.0, "percent_covered_display": "100", "missing_lines": 0, "excluded_lines": 0, "percent_statements_covered": 100.0, "percent_statements_covered_display": "100"}, "missing_lines": [], "excluded_lines": [], "start_line": 1}}}, "app\\models\\user.py": {"executed_lines": [3, 4, 6, 7, 8, 10, 13, 14, 16, 19, 20, 21, 22, 25, 32], "summary": {"covered_lines": 15, "num_statements": 15, "percent_covered": 100.0, "percent_covered_display": "100", "missing_lines": 0, "excluded_lines": 0, "percent_statements_covered": 100.0, "percent_statements_covered_display": "100"}, "missing_lines": [], "excluded_lines": [], "functions": {"": {"executed_lines": [3, 4, 6, 7, 8, 10, 13, 14, 16, 19, 20, 21, 22, 25, 32], "summary": {"covered_lines": 15, "num_statements": 15, "percent_covered": 100.0, "percent_covered_display": "100", "missing_lines": 0, "excluded_lines": 0, "percent_statements_covered": 100.0, "percent_statements_covered_display": "100"}, "missing_lines": [], "excluded_lines": [], "start_line": 1}}, "classes": {"User": {"executed_lines": [], "summary": {"covered_lines": 0, "num_statements": 0, "percent_covered": 100.0, "percent_covered_display": "100", "missing_lines": 0, "excluded_lines": 0, "percent_statements_covered": 100.0, "percent_statements_covered_display": "100"}, "missing_lines": [], "excluded_lines": [], "start_line": 13}, "": {"executed_lines": [3, 4, 6, 7, 8, 10, 13, 14, 16, 19, 20, 21, 22, 25, 32], "summary": {"covered_lines": 15, "num_statements": 15, "percent_covered": 100.0, "percent_covered_display": "100", "missing_lines": 0, "excluded_lines": 0, "percent_statements_covered": 100.0, "percent_statements_covered_display": "100"}, "missing_lines": [], "excluded_lines": [], "start_line": 1}}}, "app\\repositories\\__init__.py": {"executed_lines": [], "summary": {"covered_lines": 0, "num_statements": 0, "percent_covered": 100.0, "percent_covered_display": "100", "missing_lines": 0, "excluded_lines": 0, "percent_statements_covered": 100.0, "percent_statements_covered_display": "100"}, "missing_lines": [], "excluded_lines": [], "functions": {"": {"executed_lines": [], "summary": {"covered_lines": 0, "num_statements": 0, "percent_covered": 100.0, "percent_covered_display": "100", "missing_lines": 0, "excluded_lines": 0, "percent_statements_covered": 100.0, "percent_statements_covered_display": "100"}, "missing_lines": [], "excluded_lines": [], "start_line": 1}}, "classes": {"": {"executed_lines": [], "summary": {"covered_lines": 0, "num_statements": 0, "percent_covered": 100.0, "percent_covered_display": "100", "missing_lines": 0, "excluded_lines": 0, "percent_statements_covered": 100.0, "percent_statements_covered_display": "100"}, "missing_lines": [], "excluded_lines": [], "start_line": 1}}}, "app\\repositories\\favorite_repository.py": {"executed_lines": [3, 5, 7, 8, 9, 11, 14, 17, 18, 20, 21, 22, 23, 24, 25, 27, 28, 31, 34, 37, 38, 40, 48, 49], "summary": {"covered_lines": 24, "num_statements": 24, "percent_covered": 100.0, "percent_covered_display": "100", "missing_lines": 0, "excluded_lines": 0, "percent_statements_covered": 100.0, "percent_statements_covered_display": "100"}, "missing_lines": [], "excluded_lines": [], "functions": {"FavoriteRepository.__init__": {"executed_lines": [18], "summary": {"covered_lines": 1, "num_statements": 1, "percent_covered": 100.0, "percent_covered_display": "100", "missing_lines": 0, "excluded_lines": 0, "percent_statements_covered": 100.0, "percent_statements_covered_display": "100"}, "missing_lines": [], "excluded_lines": [], "start_line": 17}, "FavoriteRepository.add": {"executed_lines": [21, 22, 23, 24, 25], "summary": {"covered_lines": 5, "num_statements": 5, "percent_covered": 100.0, "percent_covered_display": "100", "missing_lines": 0, "excluded_lines": 0, "percent_statements_covered": 100.0, "percent_statements_covered_display": "100"}, "missing_lines": [], "excluded_lines": [], "start_line": 20}, "FavoriteRepository.remove": {"executed_lines": [28, 31], "summary": {"covered_lines": 2, "num_statements": 2, "percent_covered": 100.0, "percent_covered_display": "100", "missing_lines": 0, "excluded_lines": 0, "percent_statements_covered": 100.0, "percent_statements_covered_display": "100"}, "missing_lines": [], "excluded_lines": [], "start_line": 27}, "FavoriteRepository.list_for_user": {"executed_lines": [37, 38, 40, 48, 49], "summary": {"covered_lines": 5, "num_statements": 5, "percent_covered": 100.0, "percent_covered_display": "100", "missing_lines": 0, "excluded_lines": 0, "percent_statements_covered": 100.0, "percent_statements_covered_display": "100"}, "missing_lines": [], "excluded_lines": [], "start_line": 34}, "": {"executed_lines": [3, 5, 7, 8, 9, 11, 14, 17, 20, 27, 34], "summary": {"covered_lines": 11, "num_statements": 11, "percent_covered": 100.0, "percent_covered_display": "100", "missing_lines": 0, "excluded_lines": 0, "percent_statements_covered": 100.0, "percent_statements_covered_display": "100"}, "missing_lines": [], "excluded_lines": [], "start_line": 1}}, "classes": {"FavoriteRepository": {"executed_lines": [18, 21, 22, 23, 24, 25, 28, 31, 37, 38, 40, 48, 49], "summary": {"covered_lines": 13, "num_statements": 13, "percent_covered": 100.0, "percent_covered_display": "100", "missing_lines": 0, "excluded_lines": 0, "percent_statements_covered": 100.0, "percent_statements_covered_display": "100"}, "missing_lines": [], "excluded_lines": [], "start_line": 14}, "": {"executed_lines": [3, 5, 7, 8, 9, 11, 14, 17, 20, 27, 34], "summary": {"covered_lines": 11, "num_statements": 11, "percent_covered": 100.0, "percent_covered_display": "100", "missing_lines": 0, "excluded_lines": 0, "percent_statements_covered": 100.0, "percent_statements_covered_display": "100"}, "missing_lines": [], "excluded_lines": [], "start_line": 1}}}, "app\\repositories\\place_repository.py": {"executed_lines": [3, 5, 7, 8, 9, 11, 14, 17, 18, 22, 23, 24, 28, 29, 30, 32, 38, 39, 43, 54, 55, 57, 59, 60, 61, 71, 72, 73, 74, 75, 76, 77, 79, 86, 87, 89, 90, 92, 93, 94, 98, 110, 111, 113, 120, 121], "summary": {"covered_lines": 46, "num_statements": 46, "percent_covered": 100.0, "percent_covered_display": "100", "missing_lines": 0, "excluded_lines": 0, "percent_statements_covered": 100.0, "percent_statements_covered_display": "100"}, "missing_lines": [], "excluded_lines": [], "functions": {"PlaceRepository.__init__": {"executed_lines": [18], "summary": {"covered_lines": 1, "num_statements": 1, "percent_covered": 100.0, "percent_covered_display": "100", "missing_lines": 0, "excluded_lines": 0, "percent_statements_covered": 100.0, "percent_statements_covered_display": "100"}, "missing_lines": [], "excluded_lines": [], "start_line": 17}, "PlaceRepository.get_by_id": {"executed_lines": [23, 24], "summary": {"covered_lines": 2, "num_statements": 2, "percent_covered": 100.0, "percent_covered_display": "100", "missing_lines": 0, "excluded_lines": 0, "percent_statements_covered": 100.0, "percent_statements_covered_display": "100"}, "missing_lines": [], "excluded_lines": [], "start_line": 22}, "PlaceRepository.list_all": {"executed_lines": [29, 30, 32, 38, 39], "summary": {"covered_lines": 5, "num_statements": 5, "percent_covered": 100.0, "percent_covered_display": "100", "missing_lines": 0, "excluded_lines": 0, "percent_statements_covered": 100.0, "percent_statements_covered_display": "100"}, "missing_lines": [], "excluded_lines": [], "start_line": 28}, "PlaceRepository.search": {"executed_lines": [54, 55, 57, 59, 60, 61, 71, 72, 73, 74, 75, 76, 77, 79, 86, 87, 89, 90, 92, 93, 94], "summary": {"covered_lines": 21, "num_statements": 21, "percent_covered": 100.0, "percent_covered_display": "100", "missing_lines": 0, "excluded_lines": 0, "percent_statements_covered": 100.0, "percent_statements_covered_display": "100"}, "missing_lines": [], "excluded_lines": [], "start_line": 43}, "PlaceRepository.find_nearby": {"executed_lines": [110, 111, 113, 120, 121], "summary": {"covered_lines": 5, "num_statements": 5, "percent_covered": 100.0, "percent_covered_display": "100", "missing_lines": 0, "excluded_lines": 0, "percent_statements_covered": 100.0, "percent_statements_covered_display": "100"}, "missing_lines": [], "excluded_lines": [], "start_line": 98}, "": {"executed_lines": [3, 5, 7, 8, 9, 11, 14, 17, 22, 28, 43, 98], "summary": {"covered_lines": 12, "num_statements": 12, "percent_covered": 100.0, "percent_covered_display": "100", "missing_lines": 0, "excluded_lines": 0, "percent_statements_covered": 100.0, "percent_statements_covered_display": "100"}, "missing_lines": [], "excluded_lines": [], "start_line": 1}}, "classes": {"PlaceRepository": {"executed_lines": [18, 23, 24, 29, 30, 32, 38, 39, 54, 55, 57, 59, 60, 61, 71, 72, 73, 74, 75, 76, 77, 79, 86, 87, 89, 90, 92, 93, 94, 110, 111, 113, 120, 121], "summary": {"covered_lines": 34, "num_statements": 34, "percent_covered": 100.0, "percent_covered_display": "100", "missing_lines": 0, "excluded_lines": 0, "percent_statements_covered": 100.0, "percent_statements_covered_display": "100"}, "missing_lines": [], "excluded_lines": [], "start_line": 14}, "": {"executed_lines": [3, 5, 7, 8, 9, 11, 14, 17, 22, 28, 43, 98], "summary": {"covered_lines": 12, "num_statements": 12, "percent_covered": 100.0, "percent_covered_display": "100", "missing_lines": 0, "excluded_lines": 0, "percent_statements_covered": 100.0, "percent_statements_covered_display": "100"}, "missing_lines": [], "excluded_lines": [], "start_line": 1}}}, "app\\schemas\\__init__.py": {"executed_lines": [], "summary": {"covered_lines": 0, "num_statements": 0, "percent_covered": 100.0, "percent_covered_display": "100", "missing_lines": 0, "excluded_lines": 0, "percent_statements_covered": 100.0, "percent_statements_covered_display": "100"}, "missing_lines": [], "excluded_lines": [], "functions": {"": {"executed_lines": [], "summary": {"covered_lines": 0, "num_statements": 0, "percent_covered": 100.0, "percent_covered_display": "100", "missing_lines": 0, "excluded_lines": 0, "percent_statements_covered": 100.0, "percent_statements_covered_display": "100"}, "missing_lines": [], "excluded_lines": [], "start_line": 1}}, "classes": {"": {"executed_lines": [], "summary": {"covered_lines": 0, "num_statements": 0, "percent_covered": 100.0, "percent_covered_display": "100", "missing_lines": 0, "excluded_lines": 0, "percent_statements_covered": 100.0, "percent_statements_covered_display": "100"}, "missing_lines": [], "excluded_lines": [], "start_line": 1}}}, "app\\schemas\\auth.py": {"executed_lines": [1, 2, 5, 6, 7, 10, 11, 12, 13, 16, 17, 18, 19, 21], "summary": {"covered_lines": 14, "num_statements": 14, "percent_covered": 100.0, "percent_covered_display": "100", "missing_lines": 0, "excluded_lines": 0, "percent_statements_covered": 100.0, "percent_statements_covered_display": "100"}, "missing_lines": [], "excluded_lines": [], "functions": {"": {"executed_lines": [1, 2, 5, 6, 7, 10, 11, 12, 13, 16, 17, 18, 19, 21], "summary": {"covered_lines": 14, "num_statements": 14, "percent_covered": 100.0, "percent_covered_display": "100", "missing_lines": 0, "excluded_lines": 0, "percent_statements_covered": 100.0, "percent_statements_covered_display": "100"}, "missing_lines": [], "excluded_lines": [], "start_line": 1}}, "classes": {"TokenResponse": {"executed_lines": [], "summary": {"covered_lines": 0, "num_statements": 0, "percent_covered": 100.0, "percent_covered_display": "100", "missing_lines": 0, "excluded_lines": 0, "percent_statements_covered": 100.0, "percent_statements_covered_display": "100"}, "missing_lines": [], "excluded_lines": [], "start_line": 5}, "UserCreate": {"executed_lines": [], "summary": {"covered_lines": 0, "num_statements": 0, "percent_covered": 100.0, "percent_covered_display": "100", "missing_lines": 0, "excluded_lines": 0, "percent_statements_covered": 100.0, "percent_statements_covered_display": "100"}, "missing_lines": [], "excluded_lines": [], "start_line": 10}, "UserRead": {"executed_lines": [], "summary": {"covered_lines": 0, "num_statements": 0, "percent_covered": 100.0, "percent_covered_display": "100", "missing_lines": 0, "excluded_lines": 0, "percent_statements_covered": 100.0, "percent_statements_covered_display": "100"}, "missing_lines": [], "excluded_lines": [], "start_line": 16}, "": {"executed_lines": [1, 2, 5, 6, 7, 10, 11, 12, 13, 16, 17, 18, 19, 21], "summary": {"covered_lines": 14, "num_statements": 14, "percent_covered": 100.0, "percent_covered_display": "100", "missing_lines": 0, "excluded_lines": 0, "percent_statements_covered": 100.0, "percent_statements_covered_display": "100"}, "missing_lines": [], "excluded_lines": [], "start_line": 1}}}, "app\\schemas\\favorite.py": {"executed_lines": [3, 4, 6, 7, 10, 11, 14, 15, 16, 17, 18, 20, 23, 24, 25, 26, 28], "summary": {"covered_lines": 17, "num_statements": 17, "percent_covered": 100.0, "percent_covered_display": "100", "missing_lines": 0, "excluded_lines": 0, "percent_statements_covered": 100.0, "percent_statements_covered_display": "100"}, "missing_lines": [], "excluded_lines": [], "functions": {"": {"executed_lines": [3, 4, 6, 7, 10, 11, 14, 15, 16, 17, 18, 20, 23, 24, 25, 26, 28], "summary": {"covered_lines": 17, "num_statements": 17, "percent_covered": 100.0, "percent_covered_display": "100", "missing_lines": 0, "excluded_lines": 0, "percent_statements_covered": 100.0, "percent_statements_covered_display": "100"}, "missing_lines": [], "excluded_lines": [], "start_line": 1}}, "classes": {"FavoriteCreate": {"executed_lines": [], "summary": {"covered_lines": 0, "num_statements": 0, "percent_covered": 100.0, "percent_covered_display": "100", "missing_lines": 0, "excluded_lines": 0, "percent_statements_covered": 100.0, "percent_statements_covered_display": "100"}, "missing_lines": [], "excluded_lines": [], "start_line": 10}, "FavoriteRead": {"executed_lines": [], "summary": {"covered_lines": 0, "num_statements": 0, "percent_covered": 100.0, "percent_covered_display": "100", "missing_lines": 0, "excluded_lines": 0, "percent_statements_covered": 100.0, "percent_statements_covered_display": "100"}, "missing_lines": [], "excluded_lines": [], "start_line": 14}, "FavoriteWithPlace": {"executed_lines": [], "summary": {"covered_lines": 0, "num_statements": 0, "percent_covered": 100.0, "percent_covered_display": "100", "missing_lines": 0, "excluded_lines": 0, "percent_statements_covered": 100.0, "percent_statements_covered_display": "100"}, "missing_lines": [], "excluded_lines": [], "start_line": 23}, "": {"executed_lines": [3, 4, 6, 7, 10, 11, 14, 15, 16, 17, 18, 20, 23, 24, 25, 26, 28], "summary": {"covered_lines": 17, "num_statements": 17, "percent_covered": 100.0, "percent_covered_display": "100", "missing_lines": 0, "excluded_lines": 0, "percent_statements_covered": 100.0, "percent_statements_covered_display": "100"}, "missing_lines": [], "excluded_lines": [], "start_line": 1}}}, "app\\schemas\\place.py": {"executed_lines": [3, 5, 6, 7, 9, 12, 14, 15, 16, 17, 19, 20, 21, 23, 24, 26, 27, 28, 30, 31, 32, 33, 34, 35, 36, 38, 39, 40, 42, 43, 44, 46, 47, 49, 50, 51, 53, 54, 55, 57, 58, 61, 64, 66, 67, 68, 69, 70, 71, 72, 73, 74, 76, 79, 81, 84, 86, 90, 92, 93, 94, 95, 98, 100, 101, 102, 103, 104, 105, 108, 110, 111, 112, 113, 116, 118, 119, 120, 121], "summary": {"covered_lines": 79, "num_statements": 79, "percent_covered": 100.0, "percent_covered_display": "100", "missing_lines": 0, "excluded_lines": 0, "percent_statements_covered": 100.0, "percent_statements_covered_display": "100"}, "missing_lines": [], "excluded_lines": [], "functions": {"": {"executed_lines": [3, 5, 6, 7, 9, 12, 14, 15, 16, 17, 19, 20, 21, 23, 24, 26, 27, 28, 30, 31, 32, 33, 34, 35, 36, 38, 39, 40, 42, 43, 44, 46, 47, 49, 50, 51, 53, 54, 55, 57, 58, 61, 64, 66, 67, 68, 69, 70, 71, 72, 73, 74, 76, 79, 81, 84, 86, 90, 92, 93, 94, 95, 98, 100, 101, 102, 103, 104, 105, 108, 110, 111, 112, 113, 116, 118, 119, 120, 121], "summary": {"covered_lines": 79, "num_statements": 79, "percent_covered": 100.0, "percent_covered_display": "100", "missing_lines": 0, "excluded_lines": 0, "percent_statements_covered": 100.0, "percent_statements_covered_display": "100"}, "missing_lines": [], "excluded_lines": [], "start_line": 1}}, "classes": {"PlaceRead": {"executed_lines": [], "summary": {"covered_lines": 0, "num_statements": 0, "percent_covered": 100.0, "percent_covered_display": "100", "missing_lines": 0, "excluded_lines": 0, "percent_statements_covered": 100.0, "percent_statements_covered_display": "100"}, "missing_lines": [], "excluded_lines": [], "start_line": 12}, "PlaceBrief": {"executed_lines": [], "summary": {"covered_lines": 0, "num_statements": 0, "percent_covered": 100.0, "percent_covered_display": "100", "missing_lines": 0, "excluded_lines": 0, "percent_statements_covered": 100.0, "percent_statements_covered_display": "100"}, "missing_lines": [], "excluded_lines": [], "start_line": 64}, "RecommendedPlace": {"executed_lines": [], "summary": {"covered_lines": 0, "num_statements": 0, "percent_covered": 100.0, "percent_covered_display": "100", "missing_lines": 0, "excluded_lines": 0, "percent_statements_covered": 100.0, "percent_statements_covered_display": "100"}, "missing_lines": [], "excluded_lines": [], "start_line": 79}, "PlaceNearbyRead": {"executed_lines": [], "summary": {"covered_lines": 0, "num_statements": 0, "percent_covered": 100.0, "percent_covered_display": "100", "missing_lines": 0, "excluded_lines": 0, "percent_statements_covered": 100.0, "percent_statements_covered_display": "100"}, "missing_lines": [], "excluded_lines": [], "start_line": 84}, "PlaceSearchParams": {"executed_lines": [], "summary": {"covered_lines": 0, "num_statements": 0, "percent_covered": 100.0, "percent_covered_display": "100", "missing_lines": 0, "excluded_lines": 0, "percent_statements_covered": 100.0, "percent_statements_covered_display": "100"}, "missing_lines": [], "excluded_lines": [], "start_line": 90}, "RecommendationParams": {"executed_lines": [], "summary": {"covered_lines": 0, "num_statements": 0, "percent_covered": 100.0, "percent_covered_display": "100", "missing_lines": 0, "excluded_lines": 0, "percent_statements_covered": 100.0, "percent_statements_covered_display": "100"}, "missing_lines": [], "excluded_lines": [], "start_line": 98}, "NearbyParams": {"executed_lines": [], "summary": {"covered_lines": 0, "num_statements": 0, "percent_covered": 100.0, "percent_covered_display": "100", "missing_lines": 0, "excluded_lines": 0, "percent_statements_covered": 100.0, "percent_statements_covered_display": "100"}, "missing_lines": [], "excluded_lines": [], "start_line": 108}, "PaginatedResponse": {"executed_lines": [], "summary": {"covered_lines": 0, "num_statements": 0, "percent_covered": 100.0, "percent_covered_display": "100", "missing_lines": 0, "excluded_lines": 0, "percent_statements_covered": 100.0, "percent_statements_covered_display": "100"}, "missing_lines": [], "excluded_lines": [], "start_line": 116}, "": {"executed_lines": [3, 5, 6, 7, 9, 12, 14, 15, 16, 17, 19, 20, 21, 23, 24, 26, 27, 28, 30, 31, 32, 33, 34, 35, 36, 38, 39, 40, 42, 43, 44, 46, 47, 49, 50, 51, 53, 54, 55, 57, 58, 61, 64, 66, 67, 68, 69, 70, 71, 72, 73, 74, 76, 79, 81, 84, 86, 90, 92, 93, 94, 95, 98, 100, 101, 102, 103, 104, 105, 108, 110, 111, 112, 113, 116, 118, 119, 120, 121], "summary": {"covered_lines": 79, "num_statements": 79, "percent_covered": 100.0, "percent_covered_display": "100", "missing_lines": 0, "excluded_lines": 0, "percent_statements_covered": 100.0, "percent_statements_covered_display": "100"}, "missing_lines": [], "excluded_lines": [], "start_line": 1}}}, "app\\services\\__init__.py": {"executed_lines": [], "summary": {"covered_lines": 0, "num_statements": 0, "percent_covered": 100.0, "percent_covered_display": "100", "missing_lines": 0, "excluded_lines": 0, "percent_statements_covered": 100.0, "percent_statements_covered_display": "100"}, "missing_lines": [], "excluded_lines": [], "functions": {"": {"executed_lines": [], "summary": {"covered_lines": 0, "num_statements": 0, "percent_covered": 100.0, "percent_covered_display": "100", "missing_lines": 0, "excluded_lines": 0, "percent_statements_covered": 100.0, "percent_statements_covered_display": "100"}, "missing_lines": [], "excluded_lines": [], "start_line": 1}}, "classes": {"": {"executed_lines": [], "summary": {"covered_lines": 0, "num_statements": 0, "percent_covered": 100.0, "percent_covered_display": "100", "missing_lines": 0, "excluded_lines": 0, "percent_statements_covered": 100.0, "percent_statements_covered_display": "100"}, "missing_lines": [], "excluded_lines": [], "start_line": 1}}}, "app\\services\\auth_service.py": {"executed_lines": [3, 5, 7, 8, 10, 11, 14, 17, 18, 19, 24, 25, 26, 27, 29, 30, 32, 33, 34, 35, 36, 38, 39, 40, 41], "summary": {"covered_lines": 25, "num_statements": 25, "percent_covered": 100.0, "percent_covered_display": "100", "missing_lines": 0, "excluded_lines": 0, "percent_statements_covered": 100.0, "percent_statements_covered_display": "100"}, "missing_lines": [], "excluded_lines": [], "functions": {"AuthService.register": {"executed_lines": [19, 24, 25, 26, 27], "summary": {"covered_lines": 5, "num_statements": 5, "percent_covered": 100.0, "percent_covered_display": "100", "missing_lines": 0, "excluded_lines": 0, "percent_statements_covered": 100.0, "percent_statements_covered_display": "100"}, "missing_lines": [], "excluded_lines": [], "start_line": 18}, "AuthService.authenticate_user": {"executed_lines": [32, 33, 34, 35, 36], "summary": {"covered_lines": 5, "num_statements": 5, "percent_covered": 100.0, "percent_covered_display": "100", "missing_lines": 0, "excluded_lines": 0, "percent_statements_covered": 100.0, "percent_statements_covered_display": "100"}, "missing_lines": [], "excluded_lines": [], "start_line": 30}, "AuthService.get_user_by_id": {"executed_lines": [40, 41], "summary": {"covered_lines": 2, "num_statements": 2, "percent_covered": 100.0, "percent_covered_display": "100", "missing_lines": 0, "excluded_lines": 0, "percent_statements_covered": 100.0, "percent_statements_covered_display": "100"}, "missing_lines": [], "excluded_lines": [], "start_line": 39}, "": {"executed_lines": [3, 5, 7, 8, 10, 11, 14, 17, 18, 29, 30, 38, 39], "summary": {"covered_lines": 13, "num_statements": 13, "percent_covered": 100.0, "percent_covered_display": "100", "missing_lines": 0, "excluded_lines": 0, "percent_statements_covered": 100.0, "percent_statements_covered_display": "100"}, "missing_lines": [], "excluded_lines": [], "start_line": 1}}, "classes": {"AuthService": {"executed_lines": [19, 24, 25, 26, 27, 32, 33, 34, 35, 36, 40, 41], "summary": {"covered_lines": 12, "num_statements": 12, "percent_covered": 100.0, "percent_covered_display": "100", "missing_lines": 0, "excluded_lines": 0, "percent_statements_covered": 100.0, "percent_statements_covered_display": "100"}, "missing_lines": [], "excluded_lines": [], "start_line": 14}, "": {"executed_lines": [3, 5, 7, 8, 10, 11, 14, 17, 18, 29, 30, 38, 39], "summary": {"covered_lines": 13, "num_statements": 13, "percent_covered": 100.0, "percent_covered_display": "100", "missing_lines": 0, "excluded_lines": 0, "percent_statements_covered": 100.0, "percent_statements_covered_display": "100"}, "missing_lines": [], "excluded_lines": [], "start_line": 1}}}, "app\\services\\recommendation_service.py": {"executed_lines": [3, 5, 6, 7, 9, 14, 39, 41, 42, 43, 44, 46, 49, 50, 51, 52, 55, 58, 59, 61, 76, 78, 81, 89, 92, 94, 95, 97, 98, 99, 135, 136], "summary": {"covered_lines": 32, "num_statements": 35, "percent_covered": 91.42857142857143, "percent_covered_display": "91", "missing_lines": 3, "excluded_lines": 0, "percent_statements_covered": 91.42857142857143, "percent_statements_covered_display": "91"}, "missing_lines": [82, 83, 90], "excluded_lines": [], "functions": {"_build_score_expression": {"executed_lines": [41, 42, 43, 44, 46, 49, 50, 51, 52], "summary": {"covered_lines": 9, "num_statements": 9, "percent_covered": 100.0, "percent_covered_display": "100", "missing_lines": 0, "excluded_lines": 0, "percent_statements_covered": 100.0, "percent_statements_covered_display": "100"}, "missing_lines": [], "excluded_lines": [], "start_line": 39}, "RecommendationService.__init__": {"executed_lines": [59], "summary": {"covered_lines": 1, "num_statements": 1, "percent_covered": 100.0, "percent_covered_display": "100", "missing_lines": 0, "excluded_lines": 0, "percent_statements_covered": 100.0, "percent_statements_covered_display": "100"}, "missing_lines": [], "excluded_lines": [], "start_line": 58}, "RecommendationService.recommend": {"executed_lines": [76, 78, 81, 89, 92, 94, 95, 97, 98, 99, 135, 136], "summary": {"covered_lines": 12, "num_statements": 15, "percent_covered": 80.0, "percent_covered_display": "80", "missing_lines": 3, "excluded_lines": 0, "percent_statements_covered": 80.0, "percent_statements_covered_display": "80"}, "missing_lines": [82, 83, 90], "excluded_lines": [], "start_line": 61}, "": {"executed_lines": [3, 5, 6, 7, 9, 14, 39, 55, 58, 61], "summary": {"covered_lines": 10, "num_statements": 10, "percent_covered": 100.0, "percent_covered_display": "100", "missing_lines": 0, "excluded_lines": 0, "percent_statements_covered": 100.0, "percent_statements_covered_display": "100"}, "missing_lines": [], "excluded_lines": [], "start_line": 1}}, "classes": {"RecommendationService": {"executed_lines": [59, 76, 78, 81, 89, 92, 94, 95, 97, 98, 99, 135, 136], "summary": {"covered_lines": 13, "num_statements": 16, "percent_covered": 81.25, "percent_covered_display": "81", "missing_lines": 3, "excluded_lines": 0, "percent_statements_covered": 81.25, "percent_statements_covered_display": "81"}, "missing_lines": [82, 83, 90], "excluded_lines": [], "start_line": 55}, "": {"executed_lines": [3, 5, 6, 7, 9, 14, 39, 41, 42, 43, 44, 46, 49, 50, 51, 52, 55, 58, 61], "summary": {"covered_lines": 19, "num_statements": 19, "percent_covered": 100.0, "percent_covered_display": "100", "missing_lines": 0, "excluded_lines": 0, "percent_statements_covered": 100.0, "percent_statements_covered_display": "100"}, "missing_lines": [], "excluded_lines": [], "start_line": 1}}}, "scripts\\import_places.py": {"executed_lines": [3, 4, 5, 6, 7, 8, 9, 10, 11, 12, 13, 16, 18, 19, 21, 25, 28, 30, 31, 32, 33, 34, 35, 36, 37, 38, 41, 45, 47, 48, 49, 50, 51, 52, 55, 57, 58, 59, 60, 61, 62, 65, 67, 70, 71, 72, 75, 76, 77, 78, 79, 80, 83, 84, 85, 88, 89, 90, 92, 95, 115, 117, 121, 122, 123, 128, 129, 131, 132, 133, 136, 138, 139, 140, 141, 144, 145, 156, 157, 158, 161, 162, 165, 166, 167, 172, 209, 212, 220, 221, 222, 223, 224, 226, 228, 235, 236, 237, 238, 239, 243, 244, 247, 249, 251, 253, 254, 259, 264, 265, 266, 267, 269, 270, 271, 273, 274, 275, 276, 277, 279, 280, 285, 288], "summary": {"covered_lines": 124, "num_statements": 163, "percent_covered": 76.07361963190183, "percent_covered_display": "76", "missing_lines": 39, "excluded_lines": 0, "percent_statements_covered": 76.07361963190183, "percent_statements_covered_display": "76"}, "missing_lines": [39, 40, 97, 98, 99, 104, 108, 109, 110, 111, 112, 118, 119, 124, 125, 126, 146, 147, 152, 153, 163, 168, 169, 213, 214, 215, 216, 217, 240, 241, 289, 290, 296, 299, 300, 302, 303, 304, 306], "excluded_lines": [], "functions": {"parse_tags": {"executed_lines": [30, 31, 32, 33, 34, 35, 36, 37, 38, 41], "summary": {"covered_lines": 10, "num_statements": 12, "percent_covered": 83.33333333333333, "percent_covered_display": "83", "missing_lines": 2, "excluded_lines": 0, "percent_statements_covered": 83.33333333333333, "percent_statements_covered_display": "83"}, "missing_lines": [39, 40], "excluded_lines": [], "start_line": 28}, "to_float": {"executed_lines": [47, 48, 49, 50, 51, 52], "summary": {"covered_lines": 6, "num_statements": 6, "percent_covered": 100.0, "percent_covered_display": "100", "missing_lines": 0, "excluded_lines": 0, "percent_statements_covered": 100.0, "percent_statements_covered_display": "100"}, "missing_lines": [], "excluded_lines": [], "start_line": 45}, "to_int": {"executed_lines": [57, 58, 59, 60, 61, 62], "summary": {"covered_lines": 6, "num_statements": 6, "percent_covered": 100.0, "percent_covered_display": "100", "missing_lines": 0, "excluded_lines": 0, "percent_statements_covered": 100.0, "percent_statements_covered_display": "100"}, "missing_lines": [], "excluded_lines": [], "start_line": 55}, "validate_row": {"executed_lines": [67, 70, 71, 72, 75, 76, 77, 78, 79, 80, 83, 84, 85, 88, 89, 90, 92], "summary": {"covered_lines": 17, "num_statements": 17, "percent_covered": 100.0, "percent_covered_display": "100", "missing_lines": 0, "excluded_lines": 0, "percent_statements_covered": 100.0, "percent_statements_covered_display": "100"}, "missing_lines": [], "excluded_lines": [], "start_line": 65}, "insert_single_record": {"executed_lines": [], "summary": {"covered_lines": 0, "num_statements": 9, "percent_covered": 0.0, "percent_covered_display": "0", "missing_lines": 9, "excluded_lines": 0, "percent_statements_covered": 0.0, "percent_statements_covered_display": "0"}, "missing_lines": [97, 98, 99, 104, 108, 109, 110, 111, 112], "excluded_lines": [], "start_line": 95}, "import_data": {"executed_lines": [117, 121, 122, 123, 128, 129, 131, 132, 133, 136, 138, 139, 140, 141, 144, 145, 156, 157, 158, 161, 162, 165, 166, 167, 172, 209, 212, 220, 221, 222, 223, 224, 226, 228, 235, 236, 237, 238, 239, 243, 244], "summary": {"covered_lines": 41, "num_statements": 60, "percent_covered": 68.33333333333333, "percent_covered_display": "68", "missing_lines": 19, "excluded_lines": 0, "percent_statements_covered": 68.33333333333333, "percent_statements_covered_display": "68"}, "missing_lines": [118, 119, 124, 125, 126, 146, 147, 152, 153, 163, 168, 169, 213, 214, 215, 216, 217, 240, 241], "excluded_lines": [], "start_line": 115}, "process_batch": {"executed_lines": [249, 251, 253, 254, 259, 264, 265, 266, 267, 269, 270, 271, 273, 274, 275, 276, 277, 279, 280, 285], "summary": {"covered_lines": 20, "num_statements": 20, "percent_covered": 100.0, "percent_covered_display": "100", "missing_lines": 0, "excluded_lines": 0, "percent_statements_covered": 100.0, "percent_statements_covered_display": "100"}, "missing_lines": [], "excluded_lines": [], "start_line": 247}, "": {"executed_lines": [3, 4, 5, 6, 7, 8, 9, 10, 11, 12, 13, 16, 18, 19, 21, 25, 28, 45, 55, 65, 95, 115, 247, 288], "summary": {"covered_lines": 24, "num_statements": 33, "percent_covered": 72.72727272727273, "percent_covered_display": "73", "missing_lines": 9, "excluded_lines": 0, "percent_statements_covered": 72.72727272727273, "percent_statements_covered_display": "73"}, "missing_lines": [289, 290, 296, 299, 300, 302, 303, 304, 306], "excluded_lines": [], "start_line": 1}}, "classes": {"": {"executed_lines": [3, 4, 5, 6, 7, 8, 9, 10, 11, 12, 13, 16, 18, 19, 21, 25, 28, 30, 31, 32, 33, 34, 35, 36, 37, 38, 41, 45, 47, 48, 49, 50, 51, 52, 55, 57, 58, 59, 60, 61, 62, 65, 67, 70, 71, 72, 75, 76, 77, 78, 79, 80, 83, 84, 85, 88, 89, 90, 92, 95, 115, 117, 121, 122, 123, 128, 129, 131, 132, 133, 136, 138, 139, 140, 141, 144, 145, 156, 157, 158, 161, 162, 165, 166, 167, 172, 209, 212, 220, 221, 222, 223, 224, 226, 228, 235, 236, 237, 238, 239, 243, 244, 247, 249, 251, 253, 254, 259, 264, 265, 266, 267, 269, 270, 271, 273, 274, 275, 276, 277, 279, 280, 285, 288], "summary": {"covered_lines": 124, "num_statements": 163, "percent_covered": 76.07361963190183, "percent_covered_display": "76", "missing_lines": 39, "excluded_lines": 0, "percent_statements_covered": 76.07361963190183, "percent_statements_covered_display": "76"}, "missing_lines": [39, 40, 97, 98, 99, 104, 108, 109, 110, 111, 112, 118, 119, 124, 125, 126, 146, 147, 152, 153, 163, 168, 169, 213, 214, 215, 216, 217, 240, 241, 289, 290, 296, 299, 300, 302, 303, 304, 306], "excluded_lines": [], "start_line": 1}}}}, "totals": {"covered_lines": 673, "num_statements": 745, "percent_covered": 90.33557046979865, "percent_covered_display": "90", "missing_lines": 72, "excluded_lines": 0, "percent_statements_covered": 90.33557046979865, "percent_statements_covered_display": "90"}}